{"level":"warn","message":"Ruta no encontrada /favicon.ico"}
{"level":"warn","message":"Ruta no encontrada /api/productos"}
{"level":"warn","message":"Ruta no encontrada /api/registro"}
{"level":"warn","message":"Ruta no encontrada /api/registro"}
{"level":"warn","message":"Ruta no encontrada /api/registro"}
{"level":"warn","message":"Ruta no encontrada /api/registro"}
{"level":"warn","message":"Ruta no encontrada /resgitro"}
{"level":"info","message":"Producto creado satisfactoriamente"}
{"level":"info","message":"El Usuario [object Object], a cerrado sesion"}
{"level":"info","message":"El Usuario undefined, a cerrado sesion"}
{"level":"info","message":"Usuario creado Satisfactoriamente"}
{"level":"info","message":"Usuario creado Satisfactoriamente"}
{"level":"info","message":"Usuario creado Satisfactoriamente"}
{"level":"info","message":"Usuario creado Satisfactoriamente"}
{"level":"info","message":"Usuario creado Satisfactoriamente"}
{"level":"info","message":"Usuario creado Satisfactoriamente"}
{"level":"info","message":"Usuario creado Satisfactoriamente"}
{"level":"info","message":"Whatsapp enviado al Admin"}
{"level":"info","message":"Usuario creado Satisfactoriamente"}
{"level":"info","message":"Correo enviado satisfactoriamente"}
{"level":"info","message":"Whatsapp enviado al Admin"}
{"level":"info","message":"Usuario creado Satisfactoriamente"}
{"level":"info","message":"Correo enviado satisfactoriamente"}
{"level":"info","message":"Whatsapp enviado al Admin"}
{"level":"info","message":"Usuario creado Satisfactoriamente"}
{"level":"info","message":"Correo enviado satisfactoriamente"}
{"level":"info","message":"Whatsapp enviado al Admin"}
{"level":"info","message":"Usuario creado Satisfactoriamente"}
{"level":"info","message":"Correo enviado satisfactoriamente"}
