{"level":"warn","message":"Ruta no encontrada /favicon.ico"}
{"level":"warn","message":"Ruta no encontrada /api/productos"}
{"level":"warn","message":"Ruta no encontrada /api/registro"}
{"level":"warn","message":"Ruta no encontrada /api/registro"}
{"level":"warn","message":"Ruta no encontrada /api/registro"}
{"level":"warn","message":"Ruta no encontrada /api/registro"}
{"level":"warn","message":"Ruta no encontrada /resgitro"}
{"level":"warn","message":"Ruta no encontrada /login"}
{"level":"warn","message":"Ruta no encontrada /favicon.ico"}
{"level":"warn","message":"Ruta no encontrada /favicon.ico"}
{"level":"warn","message":"Ruta no encontrada /api/productos"}
{"level":"warn","message":"Ruta no encontrada /api/css/style.css"}
{"level":"warn","message":"Ruta no encontrada /api/css/style.css"}
{"level":"warn","message":"Ruta no encontrada /api/registro"}
{"level":"warn","message":"Ruta no encontrada /css/style.css"}
{"level":"warn","message":"Ruta no encontrada /css/style.css"}
{"level":"warn","message":"Ruta no encontrada /js/main.js"}
{"level":"warn","message":"Ruta no encontrada /css/style.css"}
{"level":"warn","message":"Ruta no encontrada /js/main.js"}
{"level":"warn","message":"Ruta no encontrada /css/style.css"}
{"level":"warn","message":"Ruta no encontrada /js/main.js"}
{"level":"warn","message":"Ruta no encontrada /css/style.css"}
{"level":"warn","message":"Ruta no encontrada /js/main.js"}
{"level":"warn","message":"Ruta no encontrada /favicon.ico"}
{"level":"warn","message":"Ruta no encontrada /css/style.css"}
{"level":"warn","message":"Ruta no encontrada /js/main.js"}
{"level":"warn","message":"Ruta no encontrada /js/main.js"}
{"level":"warn","message":"Ruta no encontrada /css/style.css"}
{"level":"warn","message":"Ruta no encontrada /js/main.js"}
{"level":"warn","message":"Ruta no encontrada /css/style.css"}
{"level":"warn","message":"Ruta no encontrada /js/main.js"}
{"level":"warn","message":"Ruta no encontrada /css/style.css"}
{"level":"warn","message":"Ruta no encontrada /css/style.css"}
{"level":"warn","message":"Ruta no encontrada /js/main.js"}
{"level":"warn","message":"Ruta no encontrada /css/style.css"}
{"level":"warn","message":"Ruta no encontrada /js/main.js"}
{"level":"warn","message":"Ruta no encontrada /css/style.css"}
{"level":"warn","message":"Ruta no encontrada /js/main.js"}
{"level":"warn","message":"Ruta no encontrada /css/style.css"}
{"level":"warn","message":"Ruta no encontrada /js/main.js"}
{"level":"warn","message":"Ruta no encontrada /css/style.css"}
{"level":"warn","message":"Ruta no encontrada /js/main.js"}
{"level":"warn","message":"Ruta no encontrada /js/main.js"}
{"level":"warn","message":"Ruta no encontrada /css/style.css"}
{"level":"warn","message":"Ruta no encontrada /css/style.css"}
{"level":"warn","message":"Ruta no encontrada /js/main.js"}
{"level":"warn","message":"Ruta no encontrada /css/style.css"}
{"level":"warn","message":"Ruta no encontrada /js/main.js"}
{"level":"warn","message":"Ruta no encontrada /css/style.css"}
{"level":"warn","message":"Ruta no encontrada /js/main.js"}
{"level":"warn","message":"Ruta no encontrada /css/style.css"}
{"level":"warn","message":"Ruta no encontrada /js/main.js"}
{"level":"warn","message":"Ruta no encontrada /css/style.css"}
{"level":"warn","message":"Ruta no encontrada /js/main.js"}
{"level":"warn","message":"Ruta no encontrada /css/style.css"}
{"level":"warn","message":"Ruta no encontrada /js/main.js"}
{"level":"warn","message":"Ruta no encontrada /css/style.css"}
{"level":"warn","message":"Ruta no encontrada /css/style.css"}
{"level":"warn","message":"Ruta no encontrada /js/main.js"}
{"level":"warn","message":"Ruta no encontrada /js/main.js"}
{"level":"warn","message":"Ruta no encontrada /css/style.css"}
{"level":"warn","message":"Ruta no encontrada /css/prueba.css"}
{"level":"warn","message":"Ruta no encontrada /js/main.js"}
{"level":"warn","message":"Ruta no encontrada /css/prueba.css"}
{"level":"warn","message":"Ruta no encontrada /js/main.js"}
{"level":"warn","message":"Ruta no encontrada /js/main.js"}
{"level":"warn","message":"Ruta no encontrada /css/style.css"}
{"level":"warn","message":"Ruta no encontrada /css/style.css"}
{"level":"warn","message":"Ruta no encontrada /js/main.js"}
{"level":"warn","message":"Ruta no encontrada /css/style.css"}
{"level":"warn","message":"Ruta no encontrada /css/style.css"}
{"level":"warn","message":"Ruta no encontrada /js/main.js"}
{"level":"warn","message":"Ruta no encontrada /css/style.css"}
{"level":"warn","message":"Ruta no encontrada /js/main.js"}
{"level":"warn","message":"Ruta no encontrada /js/main.js"}
{"level":"warn","message":"Ruta no encontrada /src/public/css/style.css"}
{"level":"warn","message":"Ruta no encontrada /src/public/css/style.css"}
{"level":"warn","message":"Ruta no encontrada /js/main.js"}
{"level":"warn","message":"Ruta no encontrada /js/main.js"}
{"level":"warn","message":"Ruta no encontrada /src/public/css/style.css"}
{"level":"warn","message":"Ruta no encontrada /src/public/css/style.css"}
{"level":"warn","message":"Ruta no encontrada /js/main.js"}
{"level":"warn","message":"Ruta no encontrada /src/public/css/style.css"}
{"level":"warn","message":"Ruta no encontrada /src/public/css/style.css"}
{"level":"warn","message":"Ruta no encontrada /src/public/css/style.css"}
{"level":"warn","message":"Ruta no encontrada /js/main.js"}
{"level":"warn","message":"Ruta no encontrada /src/public/css/style.css"}
{"level":"warn","message":"Ruta no encontrada /js/main.js"}
{"level":"warn","message":"Ruta no encontrada /src/public/css/style.css"}
{"level":"warn","message":"Ruta no encontrada /js/main.js"}
{"level":"warn","message":"Ruta no encontrada /js/main.js"}
{"level":"warn","message":"Ruta no encontrada /src/public/css/style.css"}
{"level":"warn","message":"Ruta no encontrada /src/public/css/style.css"}
{"level":"warn","message":"Ruta no encontrada /js/main.js"}
{"level":"warn","message":"Ruta no encontrada /src/public/css/style.css"}
{"level":"warn","message":"Ruta no encontrada /js/main.js"}
{"level":"warn","message":"Ruta no encontrada /css/style.css"}
{"level":"warn","message":"Ruta no encontrada /js/main.js"}
{"level":"warn","message":"Ruta no encontrada /css/style.css"}
{"level":"warn","message":"Ruta no encontrada /js/main.js"}
{"level":"warn","message":"Ruta no encontrada /src/public/css/style.css"}
{"level":"warn","message":"Ruta no encontrada /src/public/css/style.css"}
{"level":"warn","message":"Ruta no encontrada /src/public/css/style.css"}
{"level":"warn","message":"Ruta no encontrada /css/style.css"}
{"level":"warn","message":"Ruta no encontrada /js/main.js"}
{"level":"warn","message":"Ruta no encontrada /css/style.css"}
{"level":"warn","message":"Ruta no encontrada /js/main.js"}
{"level":"warn","message":"Ruta no encontrada /src/public/css/style.css"}
{"level":"warn","message":"Ruta no encontrada /src/public/css/style.css"}
{"level":"warn","message":"Ruta no encontrada /dhsdhsdf"}
{"level":"warn","message":"Ruta no encontrada /favicon.ico"}
{"level":"warn","message":"Ruta no encontrada /favicon.ico"}
{"level":"warn","message":"Ruta no encontrada /favicon.ico"}
{"level":"warn","message":"Ruta no encontrada /favicon.ico"}
{"level":"warn","message":"Ruta no encontrada /favicon.ico"}
{"level":"warn","message":"Ruta no encontrada /favicon.ico"}
{"level":"warn","message":"Ruta no encontrada /productos"}
{"level":"warn","message":"Ruta no encontrada /registro"}
{"level":"warn","message":"Ruta no encontrada /registro"}
{"level":"warn","message":"Error al iniciar el servidor Error: listen EADDRINUSE: address already in use :::8080"}
{"level":"warn","message":"Ruta no encontrada /singup"}
{"level":"warn","message":"Ruta no encontrada /favicon.ico"}
{"level":"warn","message":"Ruta no encontrada /orden"}
{"level":"warn","message":"Ruta no encontrada /orden"}
{"level":"warn","message":"Ruta no encontrada /orden"}
{"level":"warn","message":"Ruta no encontrada /orden"}
