{"level":"info","message":"Correo de orden enviado satisfactoriamente"}
{"level":"info","message":"Correo de orden enviado satisfactoriamente"}
{"level":"warn","message":"ERROR AL GUARDAR PRODUCTOS EN EL CARRITO :ReferenceError: res is not defined"}
{"level":"warn","message":"ERROR AL GUARDAR PRODUCTOS EN EL CARRITO :ReferenceError: res is not defined"}
{"level":"warn","message":"ERROR AL GUARDAR PRODUCTOS EN EL CARRITO :TypeError: Cannot read properties of null (reading 'item')"}
{"level":"warn","message":"ERROR AL GUARDAR PRODUCTOS EN EL CARRITO :TypeError: Cannot read properties of null (reading 'item')"}
{"level":"warn","message":"ERROR AL GUARDAR PRODUCTOS EN EL CARRITO :TypeError: Cannot read properties of null (reading 'item')"}
{"level":"warn","message":"ERROR AL GUARDAR PRODUCTOS EN EL CARRITO :TypeError: Cannot read properties of null (reading 'item')"}
{"level":"info","message":"Usuario creado Satisfactoriamente"}
{"level":"info","message":"Usuario o contraseña Incorrectos"}
{"level":"info","message":"Usuario o contraseña Incorrectos"}
{"level":"info","message":"Usuario o contraseña Incorrectos"}
{"level":"info","message":"Usuario o contraseña Incorrectos"}
{"level":"info","message":"Usuario o contraseña Incorrectos"}
{"level":"info","message":"Usuario o contraseña Incorrectos"}
{"level":"info","message":"Usuario o contraseña Incorrectos"}
{"level":"info","message":"Usuario o contraseña Incorrectos"}
{"level":"info","message":"Usuario o contraseña Incorrectos"}
{"level":"info","message":"Usuario o contraseña Incorrectos"}
{"level":"info","message":"Usuario o contraseña Incorrectos"}
{"level":"info","message":"Usuario o contraseña Incorrectos"}
{"level":"info","message":"Usuario o contraseña Incorrectos"}
{"level":"info","message":"Usuario o contraseña Incorrectos"}
{"level":"info","message":"Usuario o contraseña Incorrectos"}
{"level":"info","message":"Usuario o contraseña Incorrectos"}
{"level":"info","message":"Usuario o contraseña Incorrectos"}
{"level":"info","message":"Usuario o contraseña Incorrectos"}
{"level":"info","message":"Usuario o contraseña Incorrectos"}
{"level":"info","message":"Usuario o contraseña Incorrectos"}
{"level":"info","message":"Usuario o contraseña Incorrectos"}
{"level":"info","message":"Usuario o contraseña Incorrectos"}
{"level":"info","message":"Usuario o contraseña Incorrectos"}
{"level":"info","message":"Usuario o contraseña Incorrectos"}
{"level":"info","message":"Usuario o contraseña Incorrectos"}
{"level":"info","message":"Usuario o contraseña Incorrectos"}
{"level":"info","message":"Usuario o contraseña Incorrectos"}
{"level":"info","message":"Usuario o contraseña Incorrectos"}
{"level":"info","message":"Usuario o contraseña Incorrectos"}
{"level":"info","message":"Usuario o contraseña Incorrectos"}
{"level":"info","message":"Usuario o contraseña Incorrectos"}
{"level":"info","message":"Usuario o contraseña Incorrectos"}
{"level":"info","message":"Usuario o contraseña Incorrectos"}
{"level":"info","message":"El Usuario a cerrado sesion"}
{"level":"info","message":"El Usuario a cerrado sesion"}
